    -1.0170170170170    1.7129544544545
    -1.0157157157157    1.7152902902903
    -1.0144144144144    1.7176261261261
    -1.0131131131131    1.7199619619620
    -1.0118118118118    1.7222977977978
    -1.0105105105105    1.7246336336336
    -1.0092092092092    1.7269694694695
    -1.0079079079079    1.7293053053053
    -1.0066066066066    1.7316411411411
    -1.0053053053053    1.7339769769770
    -1.0040040040040    1.7363128128128
    -1.0027027027027    1.7386486486487
    -1.0014014014014    1.7409844844845
    -1.0001001001001    1.7433203203203
   -0.99879879879880    1.7456561561562
   -0.99749749749750    1.7479919919920
   -0.99619619619620    1.7503278278278
   -0.99489489489489    1.7526636636637
   -0.99359359359359    1.7549994994995
   -0.99229229229229    1.7573353353353
   -0.99099099099099    1.7596711711712
   -0.98968968968969    1.7620070070070
   -0.98838838838839    1.7643428428428
   -0.98708708708709    1.7666786786787
   -0.98578578578579    1.7690145145145
   -0.98448448448448    1.7713503503504
   -0.98318318318318    1.7736861861862
   -0.98188188188188    1.7760220220220
   -0.98058058058058    1.7783578578579
   -0.97927927927928    1.7806936936937
   -0.97797797797798    1.7830295295295
   -0.97667667667668    1.7853653653654
   -0.97537537537538    1.7877012012012
   -0.97407407407407    1.7900370370370
   -0.97277277277277    1.7923728728729
   -0.97147147147147    1.7947087087087
   -0.97017017017017    1.7970445445445
   -0.96886886886887    1.7993803803804
   -0.96756756756757    1.8017162162162
   -0.96626626626627    1.8040520520521
   -0.96496496496496    1.8063878878879
   -0.96366366366366    1.8087237237237
   -0.96236236236236    1.8110595595596
   -0.96106106106106    1.8133953953954
   -0.95975975975976    1.8157312312312
   -0.95845845845846    1.8180670670671
   -0.95715715715716    1.8204029029029
   -0.95585585585586    1.8227387387387
   -0.95455455455455    1.8250745745746
   -0.95325325325325    1.8274104104104
   -0.95195195195195    1.8297462462463
   -0.95065065065065    1.8320820820821
   -0.94934934934935    1.8344179179179
   -0.94804804804805    1.8367537537538
   -0.94674674674675    1.8390895895896
   -0.94544544544545    1.8414254254254
   -0.94414414414414    1.8437612612613
   -0.94284284284284    1.8460970970971
   -0.94154154154154    1.8484329329329
   -0.94024024024024    1.8507687687688
   -0.93893893893894    1.8531046046046
   -0.93763763763764    1.8554404404404
   -0.93633633633634    1.8577762762763
   -0.93503503503504    1.8601121121121
   -0.93373373373373    1.8624479479480
   -0.93243243243243    1.8647837837838
   -0.93113113113113    1.8671196196196
   -0.92982982982983    1.8694554554555
   -0.92852852852853    1.8717912912913
   -0.92722722722723    1.8741271271271
   -0.92592592592593    1.8764629629630
   -0.92462462462462    1.8787987987988
   -0.92332332332332    1.8811346346346
   -0.92202202202202    1.8834704704705
   -0.92072072072072    1.8858063063063
   -0.91941941941942    1.8881421421421
   -0.91811811811812    1.8904779779780
   -0.91681681681682    1.8928138138138
   -0.91551551551552    1.8951496496497
   -0.91421421421421    1.8974854854855
   -0.91291291291291    1.8998213213213
   -0.91161161161161    1.9021571571572
   -0.91031031031031    1.9044929929930
   -0.90900900900901    1.9068288288288
   -0.90770770770771    1.9091646646647
   -0.90640640640641    1.9115005005005
   -0.90510510510511    1.9138363363363
   -0.90380380380380    1.9161721721722
   -0.90250250250250    1.9185080080080
   -0.90120120120120    1.9208438438438
   -0.89989989989990    1.9231796796797
   -0.89859859859860    1.9255155155155
   -0.89729729729730    1.9278513513514
   -0.89599599599600    1.9301871871872
   -0.89469469469469    1.9325230230230
   -0.89339339339339    1.9348588588589
   -0.89209209209209    1.9371946946947
   -0.89079079079079    1.9395305305305
   -0.88948948948949    1.9418663663664
   -0.88818818818819    1.9442022022022
   -0.88688688688689    1.9465380380380
   -0.88558558558559    1.9488738738739
   -0.88428428428428    1.9512097097097
   -0.88298298298298    1.9535455455455
   -0.88168168168168    1.9558813813814
   -0.88038038038038    1.9582172172172
   -0.87907907907908    1.9605530530531
   -0.87777777777778    1.9628888888889
   -0.87647647647648    1.9652247247247
   -0.87517517517518    1.9675605605606
   -0.87387387387387    1.9698963963964
   -0.87257257257257    1.9722322322322
   -0.87127127127127    1.9745680680681
   -0.86996996996997    1.9769039039039
   -0.86866866866867    1.9792397397397
   -0.86736736736737    1.9815755755756
   -0.86606606606607    1.9839114114114
   -0.86476476476476    1.9862472472473
   -0.86346346346346    1.9885830830831
   -0.86216216216216    1.9909189189189
   -0.86086086086086    1.9932547547548
   -0.85955955955956    1.9955905905906
   -0.85825825825826    1.9979264264264
   -0.85695695695696    2.0002622622623
   -0.85565565565566    2.0025980980981
   -0.85435435435435    2.0049339339339
   -0.85305305305305    2.0072697697698
   -0.85175175175175    2.0096056056056
   -0.85045045045045    2.0119414414414
   -0.84914914914915    2.0142772772773
   -0.84784784784785    2.0166131131131
   -0.84654654654655    2.0189489489490
   -0.84524524524525    2.0212847847848
   -0.84394394394394    2.0236206206206
   -0.84264264264264    2.0259564564565
   -0.84134134134134    2.0282922922923
   -0.84004004004004    2.0306281281281
   -0.83873873873874    2.0329639639640
   -0.83743743743744    2.0352997997998
   -0.83613613613614    2.0376356356356
   -0.83483483483483    2.0399714714715
   -0.83353353353353    2.0423073073073
   -0.83223223223223    2.0446431431431
   -0.83093093093093    2.0469789789790
   -0.82962962962963    2.0493148148148
   -0.82832832832833    2.0516506506507
   -0.82702702702703    2.0539864864865
   -0.82572572572573    2.0563223223223
   -0.82442442442442    2.0586581581582
   -0.82312312312312    2.0609939939940
   -0.82182182182182    2.0633298298298
   -0.82052052052052    2.0656656656657
   -0.81921921921922    2.0680015015015
   -0.81791791791792    2.0703373373373
   -0.81661661661662    2.0726731731732
   -0.81531531531532    2.0750090090090
   -0.81401401401401    2.0773448448449
   -0.81271271271271    2.0796806806807
   -0.81141141141141    2.0820165165165
   -0.81011011011011    2.0843523523524
   -0.80880880880881    2.0866881881882
   -0.80750750750751    2.0890240240240
   -0.80620620620621    2.0913598598599
   -0.80490490490490    2.0936956956957
   -0.80360360360360    2.0960315315315
   -0.80230230230230    2.0983673673674
   -0.80100100100100    2.1007032032032
   -0.79969969969970    2.1030390390390
   -0.79839839839840    2.1053748748749
   -0.79709709709710    2.1077107107107
   -0.79579579579580    2.1100465465465
   -0.79449449449449    2.1123823823824
   -0.79319319319319    2.1147182182182
   -0.79189189189189    2.1170540540541
   -0.79059059059059    2.1193898898899
   -0.78928928928929    2.1217257257257
   -0.78798798798799    2.1240615615616
   -0.78668668668669    2.1263973973974
   -0.78538538538539    2.1287332332332
   -0.78408408408408    2.1310690690691
   -0.78278278278278    2.1334049049049
   -0.78148148148148    2.1357407407407
   -0.78018018018018    2.1380765765766
   -0.77887887887888    2.1404124124124
   -0.77757757757758    2.1427482482482
   -0.77627627627628    2.1450840840841
   -0.77497497497498    2.1474199199199
   -0.77367367367367    2.1497557557558
   -0.77237237237237    2.1520915915916
   -0.77107107107107    2.1544274274274
   -0.76976976976977    2.1567632632633
   -0.76846846846847    2.1590990990991
   -0.76716716716717    2.1614349349349
   -0.76586586586587    2.1637707707708
   -0.76456456456456    2.1661066066066
   -0.76326326326326    2.1684424424424
   -0.76196196196196    2.1707782782783
   -0.76066066066066    2.1731141141141
   -0.75935935935936    2.1754499499499
   -0.75805805805806    2.1777857857858
   -0.75675675675676    2.1801216216216
   -0.75545545545546    2.1824574574575
   -0.75415415415415    2.1847932932933
   -0.75285285285285    2.1871291291291
   -0.75155155155155    2.1894649649650
   -0.75025025025025    2.1918008008008
   -0.74894894894895    2.1941366366366
   -0.74764764764765    2.1964724724725
   -0.74634634634635    2.1988083083083
   -0.74504504504504    2.2011441441441
   -0.74374374374374    2.2034799799800
   -0.74244244244244    2.2058158158158
   -0.74114114114114    2.2081516516516
   -0.73983983983984    2.2104874874875
   -0.73853853853854    2.2128233233233
   -0.73723723723724    2.2151591591592
   -0.73593593593594    2.2174949949950
   -0.73463463463463    2.2198308308308
   -0.73333333333333    2.2221666666667
   -0.73203203203203    2.2245025025025
   -0.73073073073073    2.2268383383383
   -0.72942942942943    2.2291741741742
   -0.72812812812813    2.2315100100100
   -0.72682682682683    2.2338458458458
   -0.72552552552553    2.2361816816817
   -0.72422422422422    2.2385175175175
   -0.72292292292292    2.2408533533533
   -0.72162162162162    2.2431891891892
   -0.72032032032032    2.2455250250250
   -0.71901901901902    2.2478608608609
   -0.71771771771772    2.2501966966967
   -0.71641641641642    2.2525325325325
   -0.71511511511512    2.2548683683684
   -0.71381381381381    2.2572042042042
   -0.71251251251251    2.2595400400400
   -0.71121121121121    2.2618758758759
   -0.70990990990991    2.2642117117117
   -0.70860860860861    2.2665475475475
   -0.70730730730731    2.2688833833834
   -0.70600600600601    2.2712192192192
   -0.70470470470470    2.2735550550551
   -0.70340340340340    2.2758908908909
   -0.70210210210210    2.2782267267267
   -0.70080080080080    2.2805625625626
   -0.69949949949950    2.2828983983984
   -0.69819819819820    2.2852342342342
   -0.69689689689690    2.2875700700701
   -0.69559559559560    2.2899059059059
   -0.69429429429429    2.2922417417417
   -0.69299299299299    2.2945775775776
   -0.69169169169169    2.2969134134134
   -0.69039039039039    2.2992492492492
   -0.68908908908909    2.3015850850851
   -0.68778778778779    2.3039209209209
   -0.68648648648649    2.3062567567568
   -0.68518518518519    2.3085925925926
   -0.68388388388388    2.3109284284284
   -0.68258258258258    2.3132642642643
   -0.68128128128128    2.3156001001001
   -0.67997997997998    2.3179359359359
   -0.67867867867868    2.3202717717718
   -0.67737737737738    2.3226076076076
   -0.67607607607608    2.3249434434434
   -0.67477477477477    2.3272792792793
   -0.67347347347347    2.3296151151151
   -0.67217217217217    2.3319509509510
   -0.67087087087087    2.3342867867868
   -0.66956956956957    2.3366226226226
   -0.66826826826827    2.3389584584585
   -0.66696696696697    2.3412942942943
   -0.66566566566567    2.3436301301301
   -0.66436436436436    2.3459659659660
   -0.66306306306306    2.3483018018018
   -0.66176176176176    2.3506376376376
   -0.66046046046046    2.3529734734735
   -0.65915915915916    2.3553093093093
   -0.65785785785786    2.3576451451451
   -0.65655655655656    2.3599809809810
   -0.65525525525526    2.3623168168168
   -0.65395395395395    2.3646526526527
   -0.65265265265265    2.3669884884885
   -0.65135135135135    2.3693243243243
   -0.65005005005005    2.3716601601602
   -0.64874874874875    2.3739959959960
   -0.64744744744745    2.3763318318318
   -0.64614614614615    2.3786676676677
   -0.64484484484484    2.3810035035035
   -0.64354354354354    2.3833393393393
   -0.64224224224224    2.3856751751752
   -0.64094094094094    2.3880110110110
   -0.63963963963964    2.3903468468468
   -0.63833833833834    2.3926826826827
   -0.63703703703704    2.3950185185185
   -0.63573573573574    2.3973543543544
   -0.63443443443443    2.3996901901902
   -0.63313313313313    2.4020260260260
   -0.63183183183183    2.4043618618619
   -0.63053053053053    2.4066976976977
   -0.62922922922923    2.4090335335335
   -0.62792792792793    2.4113693693694
   -0.62662662662663    2.4137052052052
   -0.62532532532533    2.4160410410410
   -0.62402402402402    2.4183768768769
   -0.62272272272272    2.4207127127127
   -0.62142142142142    2.4230485485485
   -0.62012012012012    2.4253843843844
   -0.61881881881882    2.4277202202202
   -0.61751751751752    2.4300560560561
   -0.61621621621622    2.4323918918919
   -0.61491491491491    2.4347277277277
   -0.61361361361361    2.4370635635636
   -0.61231231231231    2.4393993993994
   -0.61101101101101    2.4417352352352
   -0.60970970970971    2.4440710710711
   -0.60840840840841    2.4464069069069
   -0.60710710710711    2.4487427427427
   -0.60580580580581    2.4510785785786
   -0.60450450450450    2.4534144144144
   -0.60320320320320    2.4557502502503
   -0.60190190190190    2.4580860860861
   -0.60060060060060    2.4604219219219
   -0.59929929929930    2.4627577577578
   -0.59799799799800    2.4650935935936
   -0.59669669669670    2.4674294294294
   -0.59539539539540    2.4697652652653
   -0.59409409409409    2.4721011011011
   -0.59279279279279    2.4744369369369
   -0.59149149149149    2.4767727727728
   -0.59019019019019    2.4791086086086
   -0.58888888888889    2.4814444444444
   -0.58758758758759    2.4837802802803
   -0.58628628628629    2.4861161161161
   -0.58498498498498    2.4884519519520
   -0.58368368368368    2.4907877877878
   -0.58238238238238    2.4931236236236
   -0.58108108108108    2.4954594594595
   -0.57977977977978    2.4977952952953
   -0.57847847847848    2.5001311311311
   -0.57717717717718    2.5024669669670
   -0.57587587587588    2.5048028028028
   -0.57457457457457    2.5071386386386
   -0.57327327327327    2.5094744744745
   -0.57197197197197    2.5118103103103
   -0.57067067067067    2.5141461461461
   -0.56936936936937    2.5164819819820
   -0.56806806806807    2.5188178178178
   -0.56676676676677    2.5211536536537
   -0.56546546546547    2.5234894894895
   -0.56416416416416    2.5258253253253
   -0.56286286286286    2.5281611611612
   -0.56156156156156    2.5304969969970
   -0.56026026026026    2.5328328328328
   -0.55895895895896    2.5351686686687
   -0.55765765765766    2.5375045045045
   -0.55635635635636    2.5398403403403
   -0.55505505505506    2.5421761761762
   -0.55375375375375    2.5445120120120
   -0.55245245245245    2.5468478478478
   -0.55115115115115    2.5491836836837
   -0.54984984984985    2.5515195195195
   -0.54854854854855    2.5538553553554
   -0.54724724724725    2.5561911911912
   -0.54594594594595    2.5585270270270
   -0.54464464464464    2.5608628628629
   -0.54334334334334    2.5631986986987
   -0.54204204204204    2.5655345345345
   -0.54074074074074    2.5678703703704
   -0.53943943943944    2.5702062062062
   -0.53813813813814    2.5725420420420
   -0.53683683683684    2.5748778778779
   -0.53553553553554    2.5772137137137
   -0.53423423423423    2.5795495495495
   -0.53293293293293    2.5818853853854
   -0.53163163163163    2.5842212212212
   -0.53033033033033    2.5865570570571
   -0.52902902902903    2.5888928928929
   -0.52772772772773    2.5912287287287
   -0.52642642642643    2.5935645645646
   -0.52512512512513    2.5959004004004
   -0.52382382382382    2.5982362362362
   -0.52252252252252    2.6005720720721
   -0.52122122122122    2.6029079079079
   -0.51991991991992    2.6052437437437
   -0.51861861861862    2.6075795795796
   -0.51731731731732    2.6099154154154
   -0.51601601601602    2.6122512512513
   -0.51471471471471    2.6145870870871
   -0.51341341341341    2.6169229229229
   -0.51211211211211    2.6192587587588
   -0.51081081081081    2.6215945945946
   -0.50950950950951    2.6239304304304
   -0.50820820820821    2.6262662662663
   -0.50690690690691    2.6286021021021
   -0.50560560560561    2.6309379379379
   -0.50430430430430    2.6332737737738
   -0.50300300300300    2.6356096096096
   -0.50170170170170    2.6379454454454
   -0.50040040040040    2.6402812812813
   -0.49909909909910    2.6426171171171
   -0.49779779779780    2.6449529529530
   -0.49649649649650    2.6472887887888
   -0.49519519519520    2.6496246246246
   -0.49389389389389    2.6519604604605
   -0.49259259259259    2.6542962962963
   -0.49129129129129    2.6566321321321
   -0.48998998998999    2.6589679679680
   -0.48868868868869    2.6613038038038
   -0.48738738738739    2.6636396396396
   -0.48608608608609    2.6659754754755
   -0.48478478478478    2.6683113113113
   -0.48348348348348    2.6706471471471
   -0.48218218218218    2.6729829829830
   -0.48088088088088    2.6753188188188
   -0.47957957957958    2.6776546546547
   -0.47827827827828    2.6799904904905
   -0.47697697697698    2.6823263263263
   -0.47567567567568    2.6846621621622
   -0.47437437437437    2.6869979979980
   -0.47307307307307    2.6893338338338
   -0.47177177177177    2.6916696696697
   -0.47047047047047    2.6940055055055
   -0.46916916916917    2.6963413413413
   -0.46786786786787    2.6986771771772
   -0.46656656656657    2.7010130130130
   -0.46526526526527    2.7033488488488
   -0.46396396396396    2.7056846846847
   -0.46266266266266    2.7080205205205
   -0.46136136136136    2.7103563563564
   -0.46006006006006    2.7126921921922
   -0.45875875875876    2.7150280280280
   -0.45745745745746    2.7173638638639
   -0.45615615615616    2.7196996996997
   -0.45485485485485    2.7220355355355
   -0.45355355355355    2.7243713713714
   -0.45225225225225    2.7267072072072
   -0.45095095095095    2.7290430430430
   -0.44964964964965    2.7313788788789
   -0.44834834834835    2.7337147147147
   -0.44704704704705    2.7360505505505
   -0.44574574574575    2.7383863863864
   -0.44444444444444    2.7407222222222
   -0.44314314314314    2.7430580580581
   -0.44184184184184    2.7453938938939
   -0.44054054054054    2.7477297297297
   -0.43923923923924    2.7500655655656
   -0.43793793793794    2.7524014014014
   -0.43663663663664    2.7547372372372
   -0.43533533533534    2.7570730730731
   -0.43403403403403    2.7594089089089
   -0.43273273273273    2.7617447447447
   -0.43143143143143    2.7640805805806
   -0.43013013013013    2.7664164164164
   -0.42882882882883    2.7687522522523
   -0.42752752752753    2.7710880880881
   -0.42622622622623    2.7734239239239
   -0.42492492492492    2.7757597597598
   -0.42362362362362    2.7780955955956
   -0.42232232232232    2.7804314314314
   -0.42102102102102    2.7827672672673
   -0.41971971971972    2.7851031031031
   -0.41841841841842    2.7874389389389
   -0.41711711711712    2.7897747747748
   -0.41581581581582    2.7921106106106
   -0.41451451451451    2.7944464464464
   -0.41321321321321    2.7967822822823
   -0.41191191191191    2.7991181181181
   -0.41061061061061    2.8014539539540
   -0.40930930930931    2.8037897897898
   -0.40800800800801    2.8061256256256
   -0.40670670670671    2.8084614614615
   -0.40540540540541    2.8107972972973
   -0.40410410410410    2.8131331331331
   -0.40280280280280    2.8154689689690
   -0.40150150150150    2.8178048048048
   -0.40020020020020    2.8201406406406
   -0.39889889889890    2.8224764764765
   -0.39759759759760    2.8248123123123
   -0.39629629629630    2.8271481481481
   -0.39499499499500    2.8294839839840
   -0.39369369369369    2.8318198198198
   -0.39239239239239    2.8341556556557
   -0.39109109109109    2.8364914914915
   -0.38978978978979    2.8388273273273
   -0.38848848848849    2.8411631631632
   -0.38718718718719    2.8434989989990
   -0.38588588588589    2.8458348348348
   -0.38458458458458    2.8481706706707
   -0.38328328328328    2.8505065065065
   -0.38198198198198    2.8528423423423
   -0.38068068068068    2.8551781781782
   -0.37937937937938    2.8575140140140
   -0.37807807807808    2.8598498498498
   -0.37677677677678    2.8621856856857
   -0.37547547547548    2.8645215215215
   -0.37417417417417    2.8668573573574
   -0.37287287287287    2.8691931931932
   -0.37157157157157    2.8715290290290
   -0.37027027027027    2.8738648648649
   -0.36896896896897    2.8762007007007
   -0.36766766766767    2.8785365365365
   -0.36636636636637    2.8808723723724
   -0.36506506506507    2.8832082082082
   -0.36376376376376    2.8855440440440
   -0.36246246246246    2.8878798798799
   -0.36116116116116    2.8902157157157
   -0.35985985985986    2.8925515515516
   -0.35855855855856    2.8948873873874
   -0.35725725725726    2.8972232232232
   -0.35595595595596    2.8995590590591
   -0.35465465465465    2.9018948948949
   -0.35335335335335    2.9042307307307
   -0.35205205205205    2.9065665665666
   -0.35075075075075    2.9089024024024
   -0.34944944944945    2.9112382382382
   -0.34814814814815    2.9135740740741
   -0.34684684684685    2.9159099099099
   -0.34554554554555    2.9182457457457
   -0.34424424424424    2.9205815815816
   -0.34294294294294    2.9229174174174
   -0.34164164164164    2.9252532532533
   -0.34034034034034    2.9275890890891
   -0.33903903903904    2.9299249249249
   -0.33773773773774    2.9322607607608
   -0.33643643643644    2.9345965965966
   -0.33513513513514    2.9369324324324
   -0.33383383383383    2.9392682682683
   -0.33253253253253    2.9416041041041
   -0.33123123123123    2.9439399399399
   -0.32992992992993    2.9462757757758
   -0.32862862862863    2.9486116116116
   -0.32732732732733    2.9509474474474
   -0.32602602602603    2.9532832832833
   -0.32472472472472    2.9556191191191
   -0.32342342342342    2.9579549549550
   -0.32212212212212    2.9602907907908
   -0.32082082082082    2.9626266266266
   -0.31951951951952    2.9649624624625
   -0.31821821821822    2.9672982982983
   -0.31691691691692    2.9696341341341
   -0.31561561561562    2.9719699699700
   -0.31431431431431    2.9743058058058
   -0.31301301301301    2.9766416416416
   -0.31171171171171    2.9789774774775
   -0.31041041041041    2.9813133133133
   -0.30910910910911    2.9836491491491
   -0.30780780780781    2.9859849849850
   -0.30650650650651    2.9883208208208
   -0.30520520520521    2.9906566566567
   -0.30390390390390    2.9929924924925
   -0.30260260260260    2.9953283283283
   -0.30130130130130    2.9976641641642
   -0.30000000000000    3.0000000000000
   -0.29869869869870    3.0023358371137
   -0.29739739739740    3.0046716742260
   -0.29609609609610    3.0070075113358
   -0.29479479479479    3.0093433484417
   -0.29349349349349    3.0116791855424
   -0.29219219219219    3.0140150226366
   -0.29089089089089    3.0163508597230
   -0.28958958958959    3.0186866968003
   -0.28828828828829    3.0210225338672
   -0.28698698698699    3.0233583709225
   -0.28568568568569    3.0256942079647
   -0.28438438438438    3.0280300449927
   -0.28308308308308    3.0303658820051
   -0.28178178178178    3.0327017190006
   -0.28048048048048    3.0350375559779
   -0.27917917917918    3.0373733929358
   -0.27787787787788    3.0397092298728
   -0.27657657657658    3.0420450667878
   -0.27527527527528    3.0443809036794
   -0.27397397397397    3.0467167405464
   -0.27267267267267    3.0490525773874
   -0.27137137137137    3.0513884142011
   -0.27007007007007    3.0537242509862
   -0.26876876876877    3.0560600877415
   -0.26746746746747    3.0583959244656
   -0.26616616616617    3.0607317611572
   -0.26486486486486    3.0630675978151
   -0.26356356356356    3.0654034344380
   -0.26226226226226    3.0677392710244
   -0.26096096096096    3.0700751075732
   -0.25965965965966    3.0724109440831
   -0.25835835835836    3.0747467805527
   -0.25705705705706    3.0770826169807
   -0.25575575575576    3.0794184533659
   -0.25445445445445    3.0817542897069
   -0.25315315315315    3.0840901260025
   -0.25185185185185    3.0864259622514
   -0.25055055055055    3.0887617984522
   -0.24924924924925    3.0910976346036
   -0.24794794794795    3.0934334707044
   -0.24664664664665    3.0957693067533
   -0.24534534534535    3.0981051427489
   -0.24404404404404    3.1004409786900
   -0.24274274274274    3.1027768145753
   -0.24144144144144    3.1051126504034
   -0.24014014014014    3.1074484861731
   -0.23883883883884    3.1097843218830
   -0.23753753753754    3.1121201575319
   -0.23623623623624    3.1144559931185
   -0.23493493493493    3.1167918286415
   -0.23363363363363    3.1191276640995
   -0.23233233233233    3.1214634994913
   -0.23103103103103    3.1237993348156
   -0.22972972972973    3.1261351700711
   -0.22842842842843    3.1284710052564
   -0.22712712712713    3.1308068403703
   -0.22582582582583    3.1331426754115
   -0.22452452452452    3.1354785103787
   -0.22322322322322    3.1378143452706
   -0.22192192192192    3.1401501800858
   -0.22062062062062    3.1424860148232
   -0.21931931931932    3.1448218494813
   -0.21801801801802    3.1471576840589
   -0.21671671671672    3.1494935185547
   -0.21541541541542    3.1518293529674
   -0.21411411411411    3.1541651872957
   -0.21281281281281    3.1565010215383
   -0.21151151151151    3.1588368556939
   -0.21021021021021    3.1611726897612
   -0.20890890890891    3.1635085237389
   -0.20760760760761    3.1658443576257
   -0.20630630630631    3.1681801914203
   -0.20500500500500    3.1705160251214
   -0.20370370370370    3.1728518587277
   -0.20240240240240    3.1751876922380
   -0.20110110110110    3.1775235256508
   -0.19979979979980    3.1798593589649
   -0.19849849849850    3.1821951921811
   -0.19719719719720    3.1845310253049
   -0.19589589589590    3.1868668583430
   -0.19459459459459    3.1892026913017
   -0.19329329329329    3.1915385241876
   -0.19199199199199    3.1938743570072
   -0.19069069069069    3.1962101897670
   -0.18938938938939    3.1985460224734
   -0.18808808808809    3.2008818551329
   -0.18678678678679    3.2032176877521
   -0.18548548548549    3.2055535203375
   -0.18418418418418    3.2078893528955
   -0.18288288288288    3.2102251854326
   -0.18158158158158    3.2125610179553
   -0.18028028028028    3.2148968504701
   -0.17897897897898    3.2172326829836
   -0.17767767767768    3.2195685155021
   -0.17637637637638    3.2219043480322
   -0.17507507507508    3.2242401805804
   -0.17377377377377    3.2265760131532
   -0.17247247247247    3.2289118457570
   -0.17117117117117    3.2312476783984
   -0.16986986986987    3.2335835110838
   -0.16856856856857    3.2359193438198
   -0.16726726726727    3.2382551766128
   -0.16596596596597    3.2405910094694
   -0.16466466466466    3.2429268423959
   -0.16336336336336    3.2452626753990
   -0.16206206206206    3.2475985084851
   -0.16076076076076    3.2499343416607
   -0.15945945945946    3.2522701749323
   -0.15815815815816    3.2546060083063
   -0.15685685685686    3.2569418417894
   -0.15555555555556    3.2592776753879
   -0.15425425425425    3.2616135091084
   -0.15295295295295    3.2639493429573
   -0.15165165165165    3.2662851769412
   -0.15035035035035    3.2686210110665
   -0.14904904904905    3.2709568453398
   -0.14774774774775    3.2732926797674
   -0.14644644644645    3.2756285143560
   -0.14514514514515    3.2779643491121
   -0.14384384384384    3.2803001840420
   -0.14254254254254    3.2826360191523
   -0.14124124124124    3.2849718544495
   -0.13993993993994    3.2873076899401
   -0.13863863863864    3.2896435256305
   -0.13733733733734    3.2919793615274
   -0.13603603603604    3.2943151976371
   -0.13473473473473    3.2966510339661
   -0.13343343343343    3.2989868705210
   -0.13213213213213    3.3013227073082
   -0.13083083083083    3.3036585443343
   -0.12952952952953    3.3059943816057
   -0.12822822822823    3.3083302191289
   -0.12692692692693    3.3106660569104
   -0.12562562562563    3.3130018949567
   -0.12432432432432    3.3153377332743
   -0.12302302302302    3.3176735718697
   -0.12172172172172    3.3200094107494
   -0.12042042042042    3.3223452499199
   -0.11911911911912    3.3246810893876
   -0.11781781781782    3.3270169291591
   -0.11651651651652    3.3293527692408
   -0.11521521521522    3.3316886096393
   -0.11391391391391    3.3340244503610
   -0.11261261261261    3.3363602914124
   -0.11131131131131    3.3386961328001
   -0.11001001001001    3.3410319745305
   -0.10870870870871    3.3433678166101
   -0.10740740740741    3.3457036590453
   -0.10610610610611    3.3480395018428
    -1.0480480480480D-01    3.3503753450090
    -1.0350350350350D-01    3.3527111885503
    -1.0220220220220D-01    3.3550470324734
    -1.0090090090090D-01    3.3573828767845
    -9.9599599599600D-02    3.3597187214902
    -9.8298298298298D-02    3.3620545665857
    -9.6996996996997D-02    3.3643904120482
    -9.5695695695696D-02    3.3667262578528
    -9.4394394394394D-02    3.3690621039750
    -9.3093093093093D-02    3.3713979503900
    -9.1791791791792D-02    3.3737337970732
    -9.0490490490490D-02    3.3760696440000
    -8.9189189189189D-02    3.3784054911456
    -8.7887887887888D-02    3.3807413384854
    -8.6586586586587D-02    3.3830771859947
    -8.5285285285285D-02    3.3854130336489
    -8.3983983983984D-02    3.3877488814232
    -8.2682682682683D-02    3.3900847292930
    -8.1381381381381D-02    3.3924205772336
    -8.0080080080080D-02    3.3947564252204
    -7.8778778778779D-02    3.3970922732287
    -7.7477477477477D-02    3.3994281212337
    -7.6176176176176D-02    3.4017639692109
    -7.4874874874875D-02    3.4040998171355
    -7.3573573573574D-02    3.4064356649830
    -7.2272272272272D-02    3.4087715127285
    -7.0970970970971D-02    3.4111073603475
    -6.9669669669670D-02    3.4134432078153
    -6.8368368368368D-02    3.4157790551071
    -6.7067067067067D-02    3.4181149021984
    -6.5765765765766D-02    3.4204507490644
    -6.4464464464464D-02    3.4227865956806
    -6.3163163163163D-02    3.4251224420221
    -6.1861861861862D-02    3.4274582880643
    -6.0560560560561D-02    3.4297941337827
    -5.9259259259259D-02    3.4321299791524
    -5.7957957957958D-02    3.4344658241488
    -5.6656656656657D-02    3.4368016687473
    -5.5355355355355D-02    3.4391375129231
    -5.4054054054054D-02    3.4414733566517
    -5.2752752752753D-02    3.4438091999083
    -5.1451451451451D-02    3.4461450426682
    -5.0150150150150D-02    3.4484808849069
    -4.8848848848849D-02    3.4508167265995
    -4.7547547547548D-02    3.4531525677215
    -4.6246246246246D-02    3.4554884082482
    -4.4944944944945D-02    3.4578242481548
    -4.3643643643644D-02    3.4601600874168
    -4.2342342342342D-02    3.4624959260094
    -4.1041041041041D-02    3.4648317639080
    -3.9739739739740D-02    3.4671676010879
    -3.8438438438438D-02    3.4695034375245
    -3.7137137137137D-02    3.4718392731930
    -3.5835835835836D-02    3.4741751080688
    -3.4534534534535D-02    3.4765109421272
    -3.3233233233233D-02    3.4788467753436
    -3.1931931931932D-02    3.4811826076932
    -3.0630630630631D-02    3.4835184391514
    -2.9329329329329D-02    3.4858542696936
    -2.8028028028028D-02    3.4881900992950
    -2.6726726726727D-02    3.4905259279311
    -2.5425425425425D-02    3.4928617555770
    -2.4124124124124D-02    3.4951975822081
    -2.2822822822823D-02    3.4975334077999
    -2.1521521521521D-02    3.4998692323275
    -2.0220220220220D-02    3.5022050557663
    -1.8918918918919D-02    3.5045408780917
    -1.7617617617618D-02    3.5068766992790
    -1.6316316316316D-02    3.5092125193035
    -1.5015015015015D-02    3.5115483381405
    -1.3713713713714D-02    3.5138841557654
    -1.2412412412412D-02    3.5162199721535
    -1.1111111111111D-02    3.5185557872800
    -9.8098098098098D-03    3.5208916011205
    -8.5085085085085D-03    3.5232274136501
    -7.2072072072072D-03    3.5255632248442
    -5.9059059059059D-03    3.5278990346781
    -4.6046046046046D-03    3.5302348431272
    -3.3033033033033D-03    3.5325706501667
    -2.0020020020020D-03    3.5349064557721
    -7.0070070070066D-04    3.5372422599186
     6.0060060060063D-04    3.5395780625835
     1.9019019019019D-03    3.5419138637972
     3.2032032032032D-03    3.5442496636488
     4.5045045045045D-03    3.5465854622305
     5.8058058058058D-03    3.5489212596346
     7.1071071071071D-03    3.5512570559531
     8.4084084084085D-03    3.5535928512784
     9.7097097097097D-03    3.5559286457026
     1.1011011011011D-02    3.5582644393179
     1.2312312312312D-02    3.5606002322165
     1.3613613613614D-02    3.5629360244907
     1.4914914914915D-02    3.5652718162325
     1.6216216216216D-02    3.5676076075342
     1.7517517517518D-02    3.5699433984880
     1.8818818818819D-02    3.5722791891861
     2.0120120120120D-02    3.5746149797206
     2.1421421421421D-02    3.5769507701839
     2.2722722722723D-02    3.5792865606680
     2.4024024024024D-02    3.5816223512652
     2.5325325325325D-02    3.5839581420676
     2.6626626626627D-02    3.5862939331676
     2.7927927927928D-02    3.5886297246572
     2.9229229229229D-02    3.5909655166286
     3.0530530530531D-02    3.5933013091741
     3.1831831831832D-02    3.5956371023859
     3.3133133133133D-02    3.5979728963561
     3.4434434434434D-02    3.6003086911769
     3.5735735735736D-02    3.6026444869406
     3.7037037037037D-02    3.6049802837394
     3.8338338338338D-02    3.6073160816653
     3.9639639639640D-02    3.6096518808107
     4.0940940940941D-02    3.6119876812678
     4.2242242242242D-02    3.6143234831286
     4.3543543543544D-02    3.6166592864855
     4.4844844844845D-02    3.6189950914305
     4.6146146146146D-02    3.6213308980560
     4.7447447447447D-02    3.6236667064541
     4.8748748748749D-02    3.6260025167170
     5.0050050050050D-02    3.6283383289370
     5.1351351351351D-02    3.6306741432061
     5.2652652652653D-02    3.6330099596166
     5.3953953953954D-02    3.6353457782607
     5.5255255255255D-02    3.6376815992305
     5.6556556556557D-02    3.6400174226184
     5.7857857857858D-02    3.6423532485164
     5.9159159159159D-02    3.6446890770169
     6.0460460460460D-02    3.6470249082119
     6.1761761761762D-02    3.6493607421936
     6.3063063063063D-02    3.6516965790544
     6.4364364364364D-02    3.6540324188863
     6.5665665665666D-02    3.6563682617815
     6.6966966966967D-02    3.6587041078323
     6.8268268268268D-02    3.6610399571309
     6.9569569569570D-02    3.6633758097694
     7.0870870870871D-02    3.6657116658401
     7.2172172172172D-02    3.6680475254351
     7.3473473473474D-02    3.6703833886466
     7.4774774774775D-02    3.6727192555669
     7.6076076076076D-02    3.6750551262881
     7.7377377377377D-02    3.6773910009024
     7.8678678678679D-02    3.6797268795021
     7.9979979979980D-02    3.6820627621792
     8.1281281281281D-02    3.6843986490261
     8.2582582582583D-02    3.6867345401349
     8.3883883883884D-02    3.6890704355978
     8.5185185185185D-02    3.6914063355071
     8.6486486486486D-02    3.6937422399548
     8.7787787787788D-02    3.6960781490332
     8.9089089089089D-02    3.6984140628345
     9.0390390390390D-02    3.7007499814509
     9.1691691691692D-02    3.7030859049746
     9.2992992992993D-02    3.7054218334978
     9.4294294294294D-02    3.7077577671127
     9.5595595595596D-02    3.7100937059114
     9.6896896896897D-02    3.7124296499862
     9.8198198198198D-02    3.7147655994293
     9.9499499499500D-02    3.7171015543328
     1.0080080080080D-01    3.7194375147721
     1.0210210210210D-01    3.7217734805836
     1.0340340340340D-01    3.7241094514273
     1.0470470470470D-01    3.7264454269592
    0.10600600600601    3.7287814068351
    0.10730730730731    3.7311173907109
    0.10860860860861    3.7334533782425
    0.10990990990991    3.7357893690858
    0.11121121121121    3.7381253628966
    0.11251251251251    3.7404613593309
    0.11381381381381    3.7427973580446
    0.11511511511512    3.7451333586934
    0.11641641641642    3.7474693609334
    0.11771771771772    3.7498053644204
    0.11901901901902    3.7521413688102
    0.12032032032032    3.7544773737589
    0.12162162162162    3.7568133789222
    0.12292292292292    3.7591493839560
    0.12422422422422    3.7614853885163
    0.12552552552553    3.7638213922588
    0.12682682682683    3.7661573948396
    0.12812812812813    3.7684933959145
    0.12942942942943    3.7708293951394
    0.13073073073073    3.7731653921701
    0.13203203203203    3.7755013866626
    0.13333333333333    3.7778373782727
    0.13463463463463    3.7801733666563
    0.13593593593594    3.7825093514694
    0.13723723723724    3.7848453323677
    0.13853853853854    3.7871813090073
    0.13983983983984    3.7895172810439
    0.14114114114114    3.7918532481334
    0.14244244244244    3.7941892099318
    0.14374374374374    3.7965251660949
    0.14504504504505    3.7988611162787
    0.14634634634635    3.8011970601389
    0.14764764764765    3.8035329973316
    0.14894894894895    3.8058689275125
    0.15025025025025    3.8082048503376
    0.15155155155155    3.8105407654627
    0.15285285285285    3.8128766725437
    0.15415415415415    3.8152125712366
    0.15545545545546    3.8175484611972
    0.15675675675676    3.8198843420814
    0.15805805805806    3.8222202135450
    0.15935935935936    3.8245560752441
    0.16066066066066    3.8268919268343
    0.16196196196196    3.8292277679718
    0.16326326326326    3.8315635983122
    0.16456456456456    3.8338994175116
    0.16586586586587    3.8362352252257
    0.16716716716717    3.8385710211106
    0.16846846846847    3.8409068048220
    0.16976976976977    3.8432425760159
    0.17107107107107    3.8455783343481
    0.17237237237237    3.8479140794746
    0.17367367367367    3.8502498110512
    0.17497497497498    3.8525855287337
    0.17627627627628    3.8549212321782
    0.17757757757758    3.8572569210405
    0.17887887887888    3.8595925949764
    0.18018018018018    3.8619282536419
    0.18148148148148    3.8642638966928
    0.18278278278278    3.8665995237850
    0.18408408408408    3.8689351345744
    0.18538538538539    3.8712707287170
    0.18668668668669    3.8736063058685
    0.18798798798799    3.8759418656849
    0.18928928928929    3.8782774078221
    0.19059059059059    3.8806129319359
    0.19189189189189    3.8829484376822
    0.19319319319319    3.8852839247169
    0.19449449449449    3.8876193926960
    0.19579579579580    3.8899548412752
    0.19709709709710    3.8922902701105
    0.19839839839840    3.8946256788578
    0.19969969969970    3.8969610671729
    0.20100100100100    3.8992964348353
    0.20230230230230    3.9016317826332
    0.20360360360360    3.9039671118477
    0.20490490490490    3.9063024237628
    0.20620620620621    3.9086377196629
    0.20750750750751    3.9109730008323
    0.20880880880881    3.9133082685552
    0.21011011011011    3.9156435241158
    0.21141141141141    3.9179787687985
    0.21271271271271    3.9203140038874
    0.21401401401401    3.9226492306669
    0.21531531531532    3.9249844504211
    0.21661661661662    3.9273196644344
    0.21791791791792    3.9296548739910
    0.21921921921922    3.9319900803752
    0.22052052052052    3.9343252848712
    0.22182182182182    3.9366604887633
    0.22312312312312    3.9389956933357
    0.22442442442442    3.9413308998727
    0.22572572572573    3.9436661096585
    0.22702702702703    3.9460013239775
    0.22832832832833    3.9483365441138
    0.22962962962963    3.9506717713517
    0.23093093093093    3.9530070069756
    0.23223223223223    3.9553422522695
    0.23353353353353    3.9576775085179
    0.23483483483483    3.9600127770049
    0.23613613613614    3.9623480590149
    0.23743743743744    3.9646833558320
    0.23873873873874    3.9670186687405
    0.24004004004004    3.9693539990247
    0.24134134134134    3.9716893479688
    0.24264264264264    3.9740247168572
    0.24394394394394    3.9763601069740
    0.24524524524525    3.9786955196035
    0.24654654654655    3.9810309560300
    0.24784784784785    3.9833664175377
    0.24914914914915    3.9857019054109
    0.25045045045045    3.9880374209339
    0.25175175175175    3.9903729653909
    0.25305305305305    3.9927085400661
    0.25435435435435    3.9950441462438
    0.25565565565566    3.9973797852083
    0.25695695695696    3.9997154582438
    0.25825825825826    4.0020511666347
    0.25955955955956    4.0043869116650
    0.26086086086086    4.0067226946192
    0.26216216216216    4.0090585167815
    0.26346346346346    4.0113943794360
    0.26476476476476    4.0137302838672
    0.26606606606607    4.0160662313591
    0.26736736736737    4.0184022231962
    0.26866866866867    4.0207382606626
    0.26996996996997    4.0230743450427
    0.27127127127127    4.0254104776205
    0.27257257257257    4.0277466596806
    0.27387387387387    4.0300828925070
    0.27517517517518    4.0324191773840
    0.27647647647648    4.0347555155959
    0.27777777777778    4.0370919084270
    0.27907907907908    4.0394283571615
    0.28038038038038    4.0417648630836
    0.28168168168168    4.0441014274777
    0.28298298298298    4.0464380516280
    0.28428428428428    4.0487747368187
    0.28558558558559    4.0511114843341
    0.28688688688689    4.0534482954585
    0.28818818818819    4.0557851714760
    0.28948948948949    4.0581221136711
    0.29079079079079    4.0604591233279
    0.29209209209209    4.0627962017306
    0.29339339339339    4.0651333501636
    0.29469469469469    4.0674705699111
    0.29599599599600    4.0698078622574
    0.29729729729730    4.0721452284867
    0.29859859859860    4.0744826698832
    0.29989989989990    4.0768201877313
    0.30120120120120    4.0791577825185
    0.30250250250250    4.0814954507156
    0.30380380380380    4.0838331875302
    0.30510510510511    4.0861709881693
    0.30640640640641    4.0885088478399
    0.30770770770771    4.0908467617492
    0.30900900900901    4.0931847251044
    0.31031031031031    4.0955227331123
    0.31161161161161    4.0978607809802
    0.31291291291291    4.1001988639151
    0.31421421421421    4.1025369771241
    0.31551551551552    4.1048751158142
    0.31681681681682    4.1072132751927
    0.31811811811812    4.1095514504664
    0.31941941941942    4.1118896368426
    0.32072072072072    4.1142278295284
    0.32202202202202    4.1165660237307
    0.32332332332332    4.1189042146567
    0.32462462462462    4.1212423975134
    0.32592592592593    4.1235805675080
    0.32722722722723    4.1259187198476
    0.32852852852853    4.1282568497391
    0.32982982982983    4.1305949523898
    0.33113113113113    4.1329330230066
    0.33243243243243    4.1352710567967
    0.33373373373373    4.1376090489671
    0.33503503503504    4.1399469947250
    0.33633633633634    4.1422848892774
    0.33763763763764    4.1446227278314
    0.33893893893894    4.1469605055940
    0.34024024024024    4.1492982177724
    0.34154154154154    4.1516358595737
    0.34284284284284    4.1539734262049
    0.34414414414414    4.1563109128731
    0.34544544544545    4.1586483147854
    0.34674674674675    4.1609856271489
    0.34804804804805    4.1633228451706
    0.34934934934935    4.1656599640577
    0.35065065065065    4.1679969790172
    0.35195195195195    4.1703338852562
    0.35325325325325    4.1726706779819
    0.35455455455455    4.1750073524012
    0.35585585585586    4.1773439037212
    0.35715715715716    4.1796803271492
    0.35845845845846    4.1820166178920
    0.35975975975976    4.1843527711569
    0.36106106106106    4.1866887821508
    0.36236236236236    4.1890246460809
    0.36366366366366    4.1913603581543
    0.36496496496496    4.1936959135781
    0.36626626626627    4.1960313075592
    0.36756756756757    4.1983665353049
    0.36886886886887    4.2007015920222
    0.37017017017017    4.2030364729181
    0.37147147147147    4.2053711731999
    0.37277277277277    4.2077056880744
    0.37407407407407    4.2100400127489
    0.37537537537538    4.2123741424304
    0.37667667667668    4.2147080723260
    0.37797797797798    4.2170417976428
    0.37927927927928    4.2193753135878
    0.38058058058058    4.2217086153682
    0.38188188188188    4.2240416981910
    0.38318318318318    4.2263745572633
    0.38448448448448    4.2287071877922
    0.38578578578579    4.2310395849848
    0.38708708708709    4.2333717440482
    0.38838838838839    4.2357036601894
    0.38968968968969    4.2380353286155
    0.39099099099099    4.2403667445337
    0.39229229229229    4.2426979031509
    0.39359359359359    4.2450287996743
    0.39489489489489    4.2473594293110
    0.39619619619620    4.2496897872680
    0.39749749749750    4.2520198687525
    0.39879879879880    4.2543496689714
    0.40010010010010    4.2566791831337
    0.40140140140140    4.2590084111624
    0.40270270270270    4.2613373679718
    0.40400400400400    4.2636660714494
    0.40530530530531    4.2659945394825
    0.40660660660661    4.2683227899586
    0.40790790790791    4.2706508407650
    0.40920920920921    4.2729787097893
    0.41051051051051    4.2753064149186
    0.41181181181181    4.2776339740406
    0.41311311311311    4.2799614050426
    0.41441441441441    4.2822887258120
    0.41571571571572    4.2846159542362
    0.41701701701702    4.2869431082027
    0.41831831831832    4.2892702055988
    0.41961961961962    4.2915972643119
    0.42092092092092    4.2939243022295
    0.42222222222222    4.2962513372390
    0.42352352352352    4.2985783872277
    0.42482482482482    4.3009054700831
    0.42612612612613    4.3032326036926
    0.42742742742743    4.3055598059437
    0.42872872872873    4.3078870947236
    0.43003003003003    4.3102144879199
    0.43133133133133    4.3125420034198
    0.43263263263263    4.3148696591110
    0.43393393393393    4.3171974728806
    0.43523523523524    4.3195254626163
    0.43653653653654    4.3218536462053
    0.43783783783784    4.3241820415350
    0.43913913913914    4.3265106664930
    0.44044044044044    4.3288395389666
    0.44174174174174    4.3311686768431
    0.44304304304304    4.3334980980101
    0.44434434434434    4.3358278203549
    0.44564564564565    4.3381578617650
    0.44694694694695    4.3404882401276
    0.44824824824825    4.3428189733304
    0.44954954954955    4.3451500792606
    0.45085085085085    4.3474815758056
    0.45215215215215    4.3498134808530
    0.45345345345345    4.3521458122900
    0.45475475475475    4.3544785880041
    0.45605605605606    4.3568118258827
    0.45735735735736    4.3591455438133
    0.45865865865866    4.3614797596832
    0.45995995995996    4.3638144913798
    0.46126126126126    4.3661497567905
    0.46256256256256    4.3684855738028
    0.46386386386386    4.3708219603041
    0.46516516516517    4.3731589341817
    0.46646646646647    4.3754965133231
    0.46776776776777    4.3778347156157
    0.46906906906907    4.3801735589470
    0.47037037037037    4.3825130612042
    0.47167167167167    4.3848532402748
    0.47297297297297    4.3871941140463
    0.47427427427427    4.3895357004060
    0.47557557557558    4.3918780172413
    0.47687687687688    4.3942210824397
    0.47817817817818    4.3965649138886
    0.47947947947948    4.3989095294753
    0.48078078078078    4.4012549470873
    0.48208208208208    4.4036011846120
    0.48338338338338    4.4059482599368
    0.48468468468468    4.4082961909491
    0.48598598598599    4.4106449955364
    0.48728728728729    4.4129946915860
    0.48858858858859    4.4153452969853
    0.48988988988989    4.4176968296217
    0.49119119119119    4.4200493073827
    0.49249249249249    4.4224027481557
    0.49379379379379    4.4247571698280
    0.49509509509510    4.4271125902872
    0.49639639639640    4.4294690274205
    0.49769769769770    4.4318264991154
    0.49899899899900    4.4341850232594
    0.50030030030030    4.4365446175664
    0.50160160160160    4.4389052741427
    0.50290290290290    4.4412669326530
    0.50420420420420    4.4436295263403
    0.50550550550551    4.4459929884481
    0.50680680680681    4.4483572522195
    0.50810810810811    4.4507222508979
    0.50940940940941    4.4530879177266
    0.51071071071071    4.4554541859488
    0.51201201201201    4.4578209888078
    0.51331331331331    4.4601882595469
    0.51461461461461    4.4625559314093
    0.51591591591592    4.4649239376384
    0.51721721721722    4.4672922114774
    0.51851851851852    4.4696606861697
    0.51981981981982    4.4720292949584
    0.52112112112112    4.4743979710869
    0.52242242242242    4.4767666477984
    0.52372372372372    4.4791352583362
    0.52502502502502    4.4815037359437
    0.52632632632633    4.4838720138640
    0.52762762762763    4.4862400253405
    0.52892892892893    4.4886077036165
    0.53023023023023    4.4909749819352
    0.53153153153153    4.4933417935398
    0.53283283283283    4.4957080716738
    0.53413413413413    4.4980737495803
    0.53543543543544    4.5004387605027
    0.53673673673674    4.5028030376842
    0.53803803803804    4.5051665143680
    0.53933933933934    4.5075291237976
    0.54064064064064    4.5098907992161
    0.54194194194194    4.5122514738669
    0.54324324324324    4.5146110809932
    0.54454454454454    4.5169695538383
    0.54584584584585    4.5193268256455
    0.54714714714715    4.5216828296580
    0.54844844844845    4.5240374991192
    0.54974974974975    4.5263907672722
    0.55105105105105    4.5287425673605
    0.55235235235235    4.5310928326273
    0.55365365365365    4.5334414963158
    0.55495495495496    4.5357884916694
    0.55625625625626    4.5381337519313
    0.55755755755756    4.5404772103447
    0.55885885885886    4.5428188001531
    0.56016016016016    4.5451584545996
    0.56146146146146    4.5474961069275
    0.56276276276276    4.5498316903802
    0.56406406406406    4.5521651382009
    0.56536536536537    4.5544963836328
    0.56666666666667    4.5568253599193
    0.56796796796797    4.5591520003036
    0.56926926926927    4.5614762380291
    0.57057057057057    4.5637980063389
    0.57187187187187    4.5661172384764
    0.57317317317317    4.5684338676849
    0.57447447447447    4.5707478272076
    0.57577577577578    4.5730590502878
    0.57707707707708    4.5753674701688
    0.57837837837838    4.5776730200939
    0.57967967967968    4.5799756333063
    0.58098098098098    4.5822752430493
    0.58228228228228    4.5845717825663
    0.58358358358358    4.5868651851005
    0.58488488488488    4.5891553838951
    0.58618618618619    4.5914423121935
    0.58748748748749    4.5937259032389
    0.58878878878879    4.5960060902747
    0.59009009009009    4.5982828065440
    0.59139139139139    4.6005559852902
    0.59269269269269    4.6028255597565
    0.59399399399399    4.6050914631863
    0.59529529529530    4.6073536288227
    0.59659659659660    4.6096119899092
    0.59789789789790    4.6118664796889
    0.59919919919920    4.6141170314052
    0.60050050050050    4.6163635812969
    0.60180180180180    4.6186061933798
    0.60310310310310    4.6208451045239
    0.60440440440440    4.6230805638685
    0.60570570570571    4.6253128205532
    0.60700700700701    4.6275421237175
    0.60830830830831    4.6297687225007
    0.60960960960961    4.6319928660425
    0.61091091091091    4.6342148034821
    0.61221221221221    4.6364347839592
    0.61351351351351    4.6386530566132
    0.61481481481481    4.6408698705835
    0.61611611611612    4.6430854750097
    0.61741741741742    4.6453001190312
    0.61871871871872    4.6475140517874
    0.62002002002002    4.6497275224180
    0.62132132132132    4.6519407800622
    0.62262262262262    4.6541540738596
    0.62392392392392    4.6563676529497
    0.62522522522523    4.6585817664719
    0.62652652652653    4.6607966635657
    0.62782782782783    4.6630125933707
    0.62912912912913    4.6652298050261
    0.63043043043043    4.6674485476716
    0.63173173173173    4.6696690704466
    0.63303303303303    4.6718916224906
    0.63433433433433    4.6741164529430
    0.63563563563564    4.6763438109433
    0.63693693693694    4.6785739456310
    0.63823823823824    4.6808071061455
    0.63953953953954    4.6830435416264
    0.64084084084084    4.6852835012131
    0.64214214214214    4.6875272340450
    0.64344344344344    4.6897749892617
    0.64474474474474    4.6920270160027
    0.64604604604605    4.6942835634073
    0.64734734734735    4.6965448806150
    0.64864864864865    4.6988112167654
    0.64994994994995    4.7010828209979
    0.65125125125125    4.7033599424520
    0.65255255255255    4.7056428302671
    0.65385385385385    4.7079317335827
    0.65515515515516    4.7102269015383
    0.65645645645646    4.7125285832734
    0.65775775775776    4.7148370279275
    0.65905905905906    4.7171524846399
    0.66036036036036    4.7194752025502
    0.66166166166166    4.7218054307979
    0.66296296296296    4.7241434185224
    0.66426426426426    4.7264894148631
    0.66556556556557    4.7288436689597
    0.66686686686687    4.7312064299515
    0.66816816816817    4.7335779469779
    0.66946946946947    4.7359584691786
    0.67077077077077    4.7383482456929
    0.67207207207207    4.7407475256604
    0.67337337337337    4.7431565582205
    0.67467467467467    4.7455755925126
    0.67597597597598    4.7480048776762
    0.67727727727728    4.7504446628509
    0.67857857857858    4.7528951971761
    0.67987987987988    4.7553567297912
    0.68118118118118    4.7578295098357
    0.68248248248248    4.7603137864492
    0.68378378378378    4.7628098087710
    0.68508508508509    4.7653178259407
    0.68638638638639    4.7678380870977
    0.68768768768769    4.7703708413814
    0.68898898898899    4.7729163379315
    0.69029029029029    4.7754748258872
    0.69159159159159    4.7780465543882
    0.69289289289289    4.7806317725738
    0.69419419419419    4.7832307295836
    0.69549549549550    4.7858436745570
    0.69679679679680    4.7884708566335
    0.69809809809810    4.7911125249526
    0.69939939939940    4.7937689286537
    0.70070070070070    4.7964403035735
    0.70200200200200    4.7991266284892
    0.70330330330330    4.8018276496691
    0.70460460460460    4.8045431050042
    0.70590590590591    4.8072727323852
    0.70720720720721    4.8100162697032
    0.70850850850851    4.8127734548490
    0.70980980980981    4.8155440257135
    0.71111111111111    4.8183277201876
    0.71241241241241    4.8211242761623
    0.71371371371371    4.8239334315285
    0.71501501501502    4.8267549241769
    0.71631631631632    4.8295884919987
    0.71761761761762    4.8324338728846
    0.71891891891892    4.8352908047256
    0.72022022022022    4.8381590254126
    0.72152152152152    4.8410382728365
    0.72282282282282    4.8439282848882
    0.72412412412412    4.8468287994585
    0.72542542542543    4.8497395544385
    0.72672672672673    4.8526602877190
    0.72802802802803    4.8555907371909
    0.72932932932933    4.8585306407451
    0.73063063063063    4.8614797362726
    0.73193193193193    4.8644377616642
    0.73323323323323    4.8674044548108
    0.73453453453453    4.8703795536035
    0.73583583583584    4.8733627959329
    0.73713713713714    4.8763539196901
    0.73843843843844    4.8793526627661
    0.73973973973974    4.8823587630515
    0.74104104104104    4.8853719584375
    0.74234234234234    4.8883919868149
    0.74364364364364    4.8914185860745
    0.74494494494494    4.8944514941074
    0.74624624624625    4.8974904488044
    0.74754754754755    4.9005351880564
    0.74884884884885    4.9035854497543
    0.75015015015015    4.9066409717890
    0.75145145145145    4.9097014920515
    0.75275275275275    4.9127667484326
    0.75405405405405    4.9158364788233
    0.75535535535536    4.9189104211144
    0.75665665665666    4.9219883131969
    0.75795795795796    4.9250698929617
    0.75925925925926    4.9281548982996
    0.76056056056056    4.9312430671017
    0.76186186186186    4.9343341372587
    0.76316316316316    4.9374278466616
    0.76446446446446    4.9405239332013
    0.76576576576577    4.9436221347687
    0.76706706706707    4.9467221892548
    0.76836836836837    4.9498238345503
    0.76966966966967    4.9529268085463
    0.77097097097097    4.9560308491336
    0.77227227227227    4.9591356942032
    0.77357357357357    4.9622410816459
    0.77487487487487    4.9653467493527
    0.77617617617618    4.9684524352144
    0.77747747747748    4.9715578771220
    0.77877877877878    4.9746628129664
    0.78008008008008    4.9777669806384
    0.78138138138138    4.9808701180291
    0.78268268268268    4.9839719630292
    0.78398398398398    4.9870722535297
    0.78528528528529    4.9901707274215
    0.78658658658659    4.9932671225956
    0.78788788788789    4.9963611769428
    0.78918918918919    4.9994526283539
    0.79049049049049    5.0025412147201
    0.79179179179179    5.0056266739320
    0.79309309309309    5.0087087438807
    0.79439439439439    5.0117871624571
    0.79569569569570    5.0148616675520
    0.79699699699700    5.0179319970564
    0.79829829829830    5.0209978888612
    0.79959959959960    5.0240590808572
    0.80090090090090    5.0271153290529
    0.80220220220220    5.0301665816162
    0.80350350350350    5.0332129024534
    0.80480480480480    5.0362543570611
    0.80610610610611    5.0392910109360
    0.80740740740741    5.0423229295747
    0.80870870870871    5.0453501784742
    0.81001001001001    5.0483728231309
    0.81131131131131    5.0513909290416
    0.81261261261261    5.0544045617031
    0.81391391391391    5.0574137866120
    0.81521521521522    5.0604186692650
    0.81651651651652    5.0634192751588
    0.81781781781782    5.0664156697902
    0.81911911911912    5.0694079186558
    0.82042042042042    5.0723960872523
    0.82172172172172    5.0753802410765
    0.82302302302302    5.0783604456250
    0.82432432432432    5.0813367663945
    0.82562562562563    5.0843092688818
    0.82692692692693    5.0872780185835
    0.82822822822823    5.0902430809964
    0.82952952952953    5.0932045216171
    0.83083083083083    5.0961624059424
    0.83213213213213    5.0991167994689
    0.83343343343343    5.1020677676934
    0.83473473473473    5.1050153761126
    0.83603603603604    5.1079596902231
    0.83733733733734    5.1109007755216
    0.83863863863864    5.1138386975050
    0.83993993993994    5.1167735216698
    0.84124124124124    5.1197053135127
    0.84254254254254    5.1226341385306
    0.84384384384384    5.1255600622200
    0.84514514514514    5.1284831500776
    0.84644644644645    5.1314034676003
    0.84774774774775    5.1343210802846
    0.84904904904905    5.1372360536274
    0.85035035035035    5.1401484531252
    0.85165165165165    5.1430583442747
    0.85295295295295    5.1459657925728
    0.85425425425425    5.1488708635161
    0.85555555555556    5.1517736226012
    0.85685685685686    5.1546741353250
    0.85815815815816    5.1575724671841
    0.85945945945946    5.1604686836751
    0.86076076076076    5.1633628502949
    0.86206206206206    5.1662550325400
    0.86336336336336    5.1691452959073
    0.86466466466466    5.1720337058933
    0.86596596596597    5.1749203279949
    0.86726726726727    5.1778052277087
    0.86856856856857    5.1806884705314
    0.86986986986987    5.1835701219597
    0.87117117117117    5.1864502474904
    0.87247247247247    5.1893289126200
    0.87377377377377    5.1922061828454
    0.87507507507508    5.1950821236632
    0.87637637637638    5.1979568005701
    0.87767767767768    5.2008302790629
    0.87897897897898    5.2037026246382
    0.88028028028028    5.2065739027927
    0.88158158158158    5.2094441790232
    0.88288288288288    5.2123135188263
    0.88418418418418    5.2151819876987
    0.88548548548549    5.2180496511372
    0.88678678678679    5.2209165746384
    0.88808808808809    5.2237828236991
    0.88938938938939    5.2266484638160
    0.89069069069069    5.2295135604856
    0.89199199199199    5.2323781792049
    0.89329329329329    5.2352423854703
    0.89459459459459    5.2381062447788
    0.89589589589590    5.2409698226269
    0.89719719719720    5.2438331845114
    0.89849849849850    5.2466963959289
    0.89979979979980    5.2495595223762
    0.90110110110110    5.2524226227490
    0.90240240240240    5.2552857137885
    0.90370370370370    5.2581487956567
    0.90500500500500    5.2610118684758
    0.90630630630631    5.2638749323681
    0.90760760760761    5.2667379874559
    0.90890890890891    5.2696010338615
    0.91021021021021    5.2724640717071
    0.91151151151151    5.2753271011151
    0.91281281281281    5.2781901222077
    0.91411411411411    5.2810531351073
    0.91541541541542    5.2839161399360
    0.91671671671672    5.2867791368163
    0.91801801801802    5.2896421258703
    0.91931931931932    5.2925051072204
    0.92062062062062    5.2953680809888
    0.92192192192192    5.2982310472978
    0.92322322322322    5.3010940062698
    0.92452452452452    5.3039569580269
    0.92582582582583    5.3068199026915
    0.92712712712713    5.3096828403859
    0.92842842842843    5.3125457712324
    0.92972972972973    5.3154086953532
    0.93103103103103    5.3182716128706
    0.93233233233233    5.3211345239069
    0.93363363363363    5.3239974285844
    0.93493493493494    5.3268603270254
    0.93623623623624    5.3297232193521
    0.93753753753754    5.3325861056869
    0.93883883883884    5.3354489861520
    0.94014014014014    5.3383118608698
    0.94144144144144    5.3411747299624
    0.94274274274274    5.3440375935522
    0.94404404404404    5.3469004517615
    0.94534534534535    5.3497633047126
    0.94664664664665    5.3526261525276
    0.94794794794795    5.3554889953290
    0.94924924924925    5.3583518332391
    0.95055055055055    5.3612146663800
    0.95185185185185    5.3640774948740
    0.95315315315315    5.3669403188436
    0.95445445445445    5.3698031384109
    0.95575575575576    5.3726659536982
    0.95705705705706    5.3755287648279
    0.95835835835836    5.3783915719221
    0.95965965965966    5.3812543751032
    0.96096096096096    5.3841171744935
    0.96226226226226    5.3869799702153
    0.96356356356356    5.3898427623908
    0.96486486486486    5.3927055511423
    0.96616616616617    5.3955683365922
    0.96746746746747    5.3984311188626
    0.96876876876877    5.4012938980759
    0.97007007007007    5.4041566743544
    0.97137137137137    5.4070194478203
    0.97267267267267    5.4098822185960
    0.97397397397397    5.4127449868037
    0.97527527527528    5.4156077525657
    0.97657657657658    5.4184705160042
    0.97787787787788    5.4213332772417
    0.97917917917918    5.4241960364003
    0.98048048048048    5.4270587936024
    0.98178178178178    5.4299215489701
    0.98308308308308    5.4327843026259
    0.98438438438438    5.4356470546920
    0.98568568568569    5.4385098052907
    0.98698698698699    5.4413725545442
    0.98828828828829    5.4442353025749
    0.98958958958959    5.4470980495051
    0.99089089089089    5.4499607954569
    0.99219219219219    5.4528235405528
    0.99349349349349    5.4556862849149
    0.99479479479479    5.4585490286656
    0.99609609609610    5.4614117719272
    0.99739739739740    5.4642745148220
    0.99869869869870    5.4671372574721
     1.0000000000000    5.4700000000000
     1.0013013013013    5.4728628628629
     1.0026026026026    5.4757257257257
     1.0039039039039    5.4785885885886
     1.0052052052052    5.4814514514515
     1.0065065065065    5.4843143143143
     1.0078078078078    5.4871771771772
     1.0091091091091    5.4900400400400
     1.0104104104104    5.4929029029029
     1.0117117117117    5.4957657657658
     1.0130130130130    5.4986286286286
     1.0143143143143    5.5014914914915
     1.0156156156156    5.5043543543544
     1.0169169169169    5.5072172172172
     1.0182182182182    5.5100800800801
     1.0195195195195    5.5129429429429
     1.0208208208208    5.5158058058058
     1.0221221221221    5.5186686686687
     1.0234234234234    5.5215315315315
     1.0247247247247    5.5243943943944
     1.0260260260260    5.5272572572573
     1.0273273273273    5.5301201201201
     1.0286286286286    5.5329829829830
     1.0299299299299    5.5358458458458
     1.0312312312312    5.5387087087087
     1.0325325325325    5.5415715715716
     1.0338338338338    5.5444344344344
     1.0351351351351    5.5472972972973
     1.0364364364364    5.5501601601602
     1.0377377377377    5.5530230230230
     1.0390390390390    5.5558858858859
     1.0403403403403    5.5587487487487
     1.0416416416416    5.5616116116116
     1.0429429429429    5.5644744744745
     1.0442442442442    5.5673373373373
     1.0455455455455    5.5702002002002
     1.0468468468468    5.5730630630631
     1.0481481481481    5.5759259259259
     1.0494494494494    5.5787887887888
     1.0507507507508    5.5816516516517
     1.0520520520521    5.5845145145145
     1.0533533533534    5.5873773773774
     1.0546546546547    5.5902402402402
     1.0559559559560    5.5931031031031
     1.0572572572573    5.5959659659660
     1.0585585585586    5.5988288288288
     1.0598598598599    5.6016916916917
     1.0611611611612    5.6045545545546
     1.0624624624625    5.6074174174174
     1.0637637637638    5.6102802802803
     1.0650650650651    5.6131431431431
     1.0663663663664    5.6160060060060
     1.0676676676677    5.6188688688689
     1.0689689689690    5.6217317317317
     1.0702702702703    5.6245945945946
     1.0715715715716    5.6274574574575
     1.0728728728729    5.6303203203203
     1.0741741741742    5.6331831831832
     1.0754754754755    5.6360460460460
     1.0767767767768    5.6389089089089
     1.0780780780781    5.6417717717718
     1.0793793793794    5.6446346346346
     1.0806806806807    5.6474974974975
     1.0819819819820    5.6503603603604
     1.0832832832833    5.6532232232232
     1.0845845845846    5.6560860860861
     1.0858858858859    5.6589489489489
     1.0871871871872    5.6618118118118
     1.0884884884885    5.6646746746747
     1.0897897897898    5.6675375375375
     1.0910910910911    5.6704004004004
     1.0923923923924    5.6732632632633
     1.0936936936937    5.6761261261261
     1.0949949949950    5.6789889889890
     1.0962962962963    5.6818518518519
     1.0975975975976    5.6847147147147
     1.0988988988989    5.6875775775776
     1.1002002002002    5.6904404404404
     1.1015015015015    5.6933033033033
     1.1028028028028    5.6961661661662
     1.1041041041041    5.6990290290290
     1.1054054054054    5.7018918918919
     1.1067067067067    5.7047547547548
     1.1080080080080    5.7076176176176
     1.1093093093093    5.7104804804805
     1.1106106106106    5.7133433433433
     1.1119119119119    5.7162062062062
     1.1132132132132    5.7190690690691
     1.1145145145145    5.7219319319319
     1.1158158158158    5.7247947947948
     1.1171171171171    5.7276576576577
     1.1184184184184    5.7305205205205
     1.1197197197197    5.7333833833834
     1.1210210210210    5.7362462462462
     1.1223223223223    5.7391091091091
     1.1236236236236    5.7419719719720
     1.1249249249249    5.7448348348348
     1.1262262262262    5.7476976976977
     1.1275275275275    5.7505605605606
     1.1288288288288    5.7534234234234
     1.1301301301301    5.7562862862863
     1.1314314314314    5.7591491491492
     1.1327327327327    5.7620120120120
     1.1340340340340    5.7648748748749
     1.1353353353353    5.7677377377377
     1.1366366366366    5.7706006006006
     1.1379379379379    5.7734634634635
     1.1392392392392    5.7763263263263
     1.1405405405405    5.7791891891892
     1.1418418418418    5.7820520520521
     1.1431431431431    5.7849149149149
     1.1444444444444    5.7877777777778
     1.1457457457457    5.7906406406406
     1.1470470470470    5.7935035035035
     1.1483483483483    5.7963663663664
     1.1496496496496    5.7992292292292
     1.1509509509510    5.8020920920921
     1.1522522522523    5.8049549549550
     1.1535535535536    5.8078178178178
     1.1548548548549    5.8106806806807
     1.1561561561562    5.8135435435435
     1.1574574574575    5.8164064064064
     1.1587587587588    5.8192692692693
     1.1600600600601    5.8221321321321
     1.1613613613614    5.8249949949950
     1.1626626626627    5.8278578578579
     1.1639639639640    5.8307207207207
     1.1652652652653    5.8335835835836
     1.1665665665666    5.8364464464464
     1.1678678678679    5.8393093093093
     1.1691691691692    5.8421721721722
     1.1704704704705    5.8450350350350
     1.1717717717718    5.8478978978979
     1.1730730730731    5.8507607607608
     1.1743743743744    5.8536236236236
     1.1756756756757    5.8564864864865
     1.1769769769770    5.8593493493493
     1.1782782782783    5.8622122122122
     1.1795795795796    5.8650750750751
     1.1808808808809    5.8679379379379
     1.1821821821822    5.8708008008008
     1.1834834834835    5.8736636636637
     1.1847847847848    5.8765265265265
     1.1860860860861    5.8793893893894
     1.1873873873874    5.8822522522523
     1.1886886886887    5.8851151151151
     1.1899899899900    5.8879779779780
     1.1912912912913    5.8908408408408
     1.1925925925926    5.8937037037037
     1.1938938938939    5.8965665665666
     1.1951951951952    5.8994294294294
     1.1964964964965    5.9022922922923
     1.1977977977978    5.9051551551552
     1.1990990990991    5.9080180180180
     1.2004004004004    5.9108808808809
     1.2017017017017    5.9137437437437
     1.2030030030030    5.9166066066066
     1.2043043043043    5.9194694694695
     1.2056056056056    5.9223323323323
     1.2069069069069    5.9251951951952
     1.2082082082082    5.9280580580581
     1.2095095095095    5.9309209209209
     1.2108108108108    5.9337837837838
     1.2121121121121    5.9366466466466
     1.2134134134134    5.9395095095095
     1.2147147147147    5.9423723723724
     1.2160160160160    5.9452352352352
     1.2173173173173    5.9480980980981
     1.2186186186186    5.9509609609610
     1.2199199199199    5.9538238238238
     1.2212212212212    5.9566866866867
     1.2225225225225    5.9595495495496
     1.2238238238238    5.9624124124124
     1.2251251251251    5.9652752752753
     1.2264264264264    5.9681381381381
     1.2277277277277    5.9710010010010
     1.2290290290290    5.9738638638639
     1.2303303303303    5.9767267267267
     1.2316316316316    5.9795895895896
     1.2329329329329    5.9824524524525
     1.2342342342342    5.9853153153153
     1.2355355355355    5.9881781781782
     1.2368368368368    5.9910410410410
     1.2381381381381    5.9939039039039
     1.2394394394394    5.9967667667668
     1.2407407407407    5.9996296296296
     1.2420420420420    6.0024924924925
     1.2433433433433    6.0053553553554
     1.2446446446446    6.0082182182182
     1.2459459459459    6.0110810810811
     1.2472472472472    6.0139439439439
     1.2485485485485    6.0168068068068
     1.2498498498498    6.0196696696697
     1.2511511511512    6.0225325325325
     1.2524524524525    6.0253953953954
     1.2537537537538    6.0282582582583
     1.2550550550551    6.0311211211211
     1.2563563563564    6.0339839839840
     1.2576576576577    6.0368468468468
     1.2589589589590    6.0397097097097
     1.2602602602603    6.0425725725726
     1.2615615615616    6.0454354354354
     1.2628628628629    6.0482982982983
     1.2641641641642    6.0511611611612
     1.2654654654655    6.0540240240240
     1.2667667667668    6.0568868868869
     1.2680680680681    6.0597497497498
     1.2693693693694    6.0626126126126
     1.2706706706707    6.0654754754755
     1.2719719719720    6.0683383383383
     1.2732732732733    6.0712012012012
     1.2745745745746    6.0740640640641
     1.2758758758759    6.0769269269269
     1.2771771771772    6.0797897897898
     1.2784784784785    6.0826526526527
     1.2797797797798    6.0855155155155
     1.2810810810811    6.0883783783784
     1.2823823823824    6.0912412412412
     1.2836836836837    6.0941041041041
     1.2849849849850    6.0969669669670
     1.2862862862863    6.0998298298298
     1.2875875875876    6.1026926926927
     1.2888888888889    6.1055555555556
     1.2901901901902    6.1084184184184
     1.2914914914915    6.1112812812813
     1.2927927927928    6.1141441441441
     1.2940940940941    6.1170070070070
     1.2953953953954    6.1198698698699
     1.2966966966967    6.1227327327327
     1.2979979979980    6.1255955955956
     1.2992992992993    6.1284584584585
     1.3006006006006    6.1313213213213
     1.3019019019019    6.1341841841842
     1.3032032032032    6.1370470470470
     1.3045045045045    6.1399099099099
     1.3058058058058    6.1427727727728
     1.3071071071071    6.1456356356356
     1.3084084084084    6.1484984984985
     1.3097097097097    6.1513613613614
     1.3110110110110    6.1542242242242
     1.3123123123123    6.1570870870871
     1.3136136136136    6.1599499499499
     1.3149149149149    6.1628128128128
     1.3162162162162    6.1656756756757
     1.3175175175175    6.1685385385385
     1.3188188188188    6.1714014014014
     1.3201201201201    6.1742642642643
     1.3214214214214    6.1771271271271
     1.3227227227227    6.1799899899900
     1.3240240240240    6.1828528528528
     1.3253253253253    6.1857157157157
     1.3266266266266    6.1885785785786
     1.3279279279279    6.1914414414414
     1.3292292292292    6.1943043043043
     1.3305305305305    6.1971671671672
     1.3318318318318    6.2000300300300
     1.3331331331331    6.2028928928929
     1.3344344344344    6.2057557557558
     1.3357357357357    6.2086186186186
     1.3370370370370    6.2114814814815
     1.3383383383383    6.2143443443443
     1.3396396396396    6.2172072072072
     1.3409409409409    6.2200700700701
     1.3422422422422    6.2229329329329
     1.3435435435435    6.2257957957958
     1.3448448448448    6.2286586586587
     1.3461461461461    6.2315215215215
     1.3474474474474    6.2343843843844
     1.3487487487487    6.2372472472472
     1.3500500500500    6.2401101101101
     1.3513513513514    6.2429729729730
     1.3526526526527    6.2458358358358
     1.3539539539540    6.2486986986987
     1.3552552552553    6.2515615615616
     1.3565565565566    6.2544244244244
     1.3578578578579    6.2572872872873
     1.3591591591592    6.2601501501501
     1.3604604604605    6.2630130130130
     1.3617617617618    6.2658758758759
     1.3630630630631    6.2687387387387
     1.3643643643644    6.2716016016016
     1.3656656656657    6.2744644644645
     1.3669669669670    6.2773273273273
     1.3682682682683    6.2801901901902
     1.3695695695696    6.2830530530531
     1.3708708708709    6.2859159159159
     1.3721721721722    6.2887787787788
     1.3734734734735    6.2916416416416
     1.3747747747748    6.2945045045045
     1.3760760760761    6.2973673673674
     1.3773773773774    6.3002302302302
     1.3786786786787    6.3030930930931
     1.3799799799800    6.3059559559560
     1.3812812812813    6.3088188188188
     1.3825825825826    6.3116816816817
     1.3838838838839    6.3145445445445
     1.3851851851852    6.3174074074074
     1.3864864864865    6.3202702702703
     1.3877877877878    6.3231331331331
     1.3890890890891    6.3259959959960
     1.3903903903904    6.3288588588589
     1.3916916916917    6.3317217217217
     1.3929929929930    6.3345845845846
     1.3942942942943    6.3374474474474
     1.3955955955956    6.3403103103103
     1.3968968968969    6.3431731731732
     1.3981981981982    6.3460360360360
     1.3994994994995    6.3488988988989
     1.4008008008008    6.3517617617618
     1.4021021021021    6.3546246246246
     1.4034034034034    6.3574874874875
     1.4047047047047    6.3603503503503
     1.4060060060060    6.3632132132132
     1.4073073073073    6.3660760760761
     1.4086086086086    6.3689389389389
     1.4099099099099    6.3718018018018
     1.4112112112112    6.3746646646647
     1.4125125125125    6.3775275275275
     1.4138138138138    6.3803903903904
     1.4151151151151    6.3832532532533
     1.4164164164164    6.3861161161161
     1.4177177177177    6.3889789789790
     1.4190190190190    6.3918418418418
     1.4203203203203    6.3947047047047
     1.4216216216216    6.3975675675676
     1.4229229229229    6.4004304304304
     1.4242242242242    6.4032932932933
     1.4255255255255    6.4061561561562
     1.4268268268268    6.4090190190190
     1.4281281281281    6.4118818818819
     1.4294294294294    6.4147447447447
     1.4307307307307    6.4176076076076
     1.4320320320320    6.4204704704705
     1.4333333333333    6.4233333333333
     1.4346346346346    6.4261961961962
     1.4359359359359    6.4290590590591
     1.4372372372372    6.4319219219219
     1.4385385385385    6.4347847847848
     1.4398398398398    6.4376476476476
     1.4411411411411    6.4405105105105
     1.4424424424424    6.4433733733734
     1.4437437437437    6.4462362362362
     1.4450450450450    6.4490990990991
     1.4463463463463    6.4519619619620
     1.4476476476476    6.4548248248248
     1.4489489489489    6.4576876876877
     1.4502502502503    6.4605505505506
     1.4515515515516    6.4634134134134
     1.4528528528529    6.4662762762763
     1.4541541541542    6.4691391391391
     1.4554554554555    6.4720020020020
     1.4567567567568    6.4748648648649
     1.4580580580581    6.4777277277277
     1.4593593593594    6.4805905905906
     1.4606606606607    6.4834534534535
     1.4619619619620    6.4863163163163
     1.4632632632633    6.4891791791792
     1.4645645645646    6.4920420420420
     1.4658658658659    6.4949049049049
     1.4671671671672    6.4977677677678
     1.4684684684685    6.5006306306306
     1.4697697697698    6.5034934934935
     1.4710710710711    6.5063563563564
     1.4723723723724    6.5092192192192
     1.4736736736737    6.5120820820821
     1.4749749749750    6.5149449449449
     1.4762762762763    6.5178078078078
     1.4775775775776    6.5206706706707
     1.4788788788789    6.5235335335335
     1.4801801801802    6.5263963963964
     1.4814814814815    6.5292592592593
     1.4827827827828    6.5321221221221
     1.4840840840841    6.5349849849850
     1.4853853853854    6.5378478478478
     1.4866866866867    6.5407107107107
     1.4879879879880    6.5435735735736
     1.4892892892893    6.5464364364364
     1.4905905905906    6.5492992992993
     1.4918918918919    6.5521621621622
     1.4931931931932    6.5550250250250
     1.4944944944945    6.5578878878879
     1.4957957957958    6.5607507507507
     1.4970970970971    6.5636136136136
     1.4983983983984    6.5664764764765
     1.4996996996997    6.5693393393393
     1.5010010010010    6.5722022022022
     1.5023023023023    6.5750650650651
     1.5036036036036    6.5779279279279
     1.5049049049049    6.5807907907908
     1.5062062062062    6.5836536536537
     1.5075075075075    6.5865165165165
     1.5088088088088    6.5893793793794
     1.5101101101101    6.5922422422422
     1.5114114114114    6.5951051051051
     1.5127127127127    6.5979679679680
     1.5140140140140    6.6008308308308
     1.5153153153153    6.6036936936937
     1.5166166166166    6.6065565565566
     1.5179179179179    6.6094194194194
     1.5192192192192    6.6122822822823
     1.5205205205205    6.6151451451451
     1.5218218218218    6.6180080080080
     1.5231231231231    6.6208708708709
     1.5244244244244    6.6237337337337
     1.5257257257257    6.6265965965966
     1.5270270270270    6.6294594594595
     1.5283283283283    6.6323223223223
     1.5296296296296    6.6351851851852
     1.5309309309309    6.6380480480480
     1.5322322322322    6.6409109109109
     1.5335335335335    6.6437737737738
     1.5348348348348    6.6466366366366
     1.5361361361361    6.6494994994995
     1.5374374374374    6.6523623623624
     1.5387387387387    6.6552252252252
     1.5400400400400    6.6580880880881
     1.5413413413413    6.6609509509510
     1.5426426426426    6.6638138138138
     1.5439439439439    6.6666766766767
     1.5452452452452    6.6695395395395
     1.5465465465465    6.6724024024024
     1.5478478478478    6.6752652652653
     1.5491491491491    6.6781281281281
     1.5504504504505    6.6809909909910
     1.5517517517518    6.6838538538539
     1.5530530530531    6.6867167167167
     1.5543543543544    6.6895795795796
     1.5556556556557    6.6924424424424
     1.5569569569570    6.6953053053053
     1.5582582582583    6.6981681681682
     1.5595595595596    6.7010310310310
     1.5608608608609    6.7038938938939
     1.5621621621622    6.7067567567568
     1.5634634634635    6.7096196196196
     1.5647647647648    6.7124824824825
     1.5660660660661    6.7153453453453
     1.5673673673674    6.7182082082082
     1.5686686686687    6.7210710710711
     1.5699699699700    6.7239339339339
     1.5712712712713    6.7267967967968
     1.5725725725726    6.7296596596597
     1.5738738738739    6.7325225225225
     1.5751751751752    6.7353853853854
     1.5764764764765    6.7382482482482
     1.5777777777778    6.7411111111111
     1.5790790790791    6.7439739739740
     1.5803803803804    6.7468368368368
     1.5816816816817    6.7496996996997
     1.5829829829830    6.7525625625626
     1.5842842842843    6.7554254254254
     1.5855855855856    6.7582882882883
